<?xml version="1.0" encoding="UTF-8"?>
<!-- Generated by org.testng.reporters.JUnitReportReporter -->
<testsuite hostname="DESKTOP-6N1A0BM" failures="0" tests="1" name="testScriptsPackage" time="1.694" errors="0" timestamp="2022-05-01T12:25:58 IST" skipped="0">
  <testcase classname="testScriptsPackage" name="getRequestTest" time="1.694"/>
  <system-out/>
</testsuite> <!-- testScriptsPackage -->
